2024-06-18 11:55:40.078 [info] Log level: Info
2024-06-18 11:55:40.078 [info] Validating found git in: "git"
2024-06-18 11:55:40.078 [info] Using git "2.34.1" from "git"
2024-06-18 11:55:40.078 [info] > git rev-parse --show-toplevel [3ms]
2024-06-18 11:55:40.078 [info] fatal: not a git repository (or any of the parent directories): .git
2024-06-18 11:55:40.078 [info] > git rev-parse --show-toplevel [7ms]
2024-06-18 11:55:40.078 [info] fatal: not a git repository (or any of the parent directories): .git
2024-06-18 11:55:40.078 [info] > git rev-parse --show-toplevel [1ms]
2024-06-18 11:55:40.078 [info] fatal: not a git repository (or any of the parent directories): .git
2024-06-18 11:55:40.137 [info] > git rev-parse --show-toplevel [1ms]
2024-06-18 11:55:40.137 [info] fatal: not a git repository (or any of the parent directories): .git
2024-06-18 11:55:40.169 [info] > git rev-parse --show-toplevel [1ms]
2024-06-18 11:55:40.169 [info] fatal: not a git repository (or any of the parent directories): .git
2024-06-18 11:55:40.212 [info] > git rev-parse --show-toplevel [2ms]
2024-06-18 11:55:40.212 [info] fatal: not a git repository (or any of the parent directories): .git
2024-06-18 11:55:42.194 [info] > git rev-parse --show-toplevel [1ms]
2024-06-18 11:55:42.194 [info] fatal: not a git repository (or any of the parent directories): .git
2024-06-18 11:55:48.403 [info] Log level: Info
2024-06-18 11:55:48.403 [info] Validating found git in: "git"
2024-06-18 11:55:48.403 [info] Using git "2.34.1" from "git"
2024-06-18 11:55:48.403 [info] > git rev-parse --show-toplevel [3ms]
2024-06-18 11:55:48.407 [info] > git rev-parse --git-dir --git-common-dir [1ms]
2024-06-18 11:55:48.413 [info] Open repository: /home/diego/dotfiles-yadm
2024-06-18 11:55:48.421 [info] > git rev-parse --show-toplevel [2ms]
2024-06-18 11:55:48.421 [info] > git config --get commit.template [4ms]
2024-06-18 11:55:48.430 [info] > git rev-parse --show-toplevel [6ms]
2024-06-18 11:55:48.436 [info] > git for-each-ref --format=%(refname)%00%(upstream:short)%00%(objectname)%00%(upstream:track)%00%(upstream:remotename)%00%(upstream:remoteref) refs/heads/master refs/remotes/master [6ms]
2024-06-18 11:55:48.439 [warning] ENOENT: no such file or directory, open '/home/diego/dotfiles-yadm/.git/refs/remotes/origin/master'
2024-06-18 11:55:48.440 [info] > git rev-parse refs/remotes/origin/master [1ms]
2024-06-18 11:55:48.449 [info] > git status -z -uall [7ms]
2024-06-18 11:55:48.459 [info] > git merge-base refs/heads/master refs/remotes/origin/master [6ms]
2024-06-18 11:55:48.462 [info] > git rev-list --count --left-right refs/heads/master...refs/remotes/origin/master [1ms]
2024-06-18 11:55:48.465 [info] > git config --get commit.template [7ms]
2024-06-18 11:55:48.492 [info] > git diff --name-status -z --diff-filter=ADMR f9f5bed01d85bf808913440f0dc9ad4043e9c20b...refs/remotes/origin/master [27ms]
2024-06-18 11:55:48.509 [info] > git for-each-ref --format=%(refname)%00%(upstream:short)%00%(objectname)%00%(upstream:track)%00%(upstream:remotename)%00%(upstream:remoteref) refs/heads/master refs/remotes/master [1ms]
2024-06-18 11:55:48.513 [warning] ENOENT: no such file or directory, open '/home/diego/dotfiles-yadm/.git/refs/remotes/origin/master'
2024-06-18 11:55:48.514 [info] > git rev-parse refs/remotes/origin/master [1ms]
2024-06-18 11:55:48.523 [info] > git status -z -uall [6ms]
2024-06-18 11:55:48.933 [info] > git check-ignore -v -z --stdin [1ms]
2024-06-18 11:56:04.951 [info] > git check-ignore -v -z --stdin [4ms]
2024-06-18 11:56:05.825 [info] > git check-ignore -v -z --stdin [1ms]
2024-06-18 11:56:06.118 [info] > git show --textconv :.config/autostart-scripts/kwallet-ssh-add.sh [3ms]
2024-06-18 11:56:06.118 [info] > git ls-files --stage -- /home/diego/dotfiles-yadm/.config/autostart-scripts/kwallet-ssh-add.sh [1ms]
2024-06-18 11:56:06.121 [info] > git cat-file -s c742241a901e5edc967f31c7df46d4af14d2ef2c [1ms]
2024-06-18 11:56:18.134 [info] > git config --get commit.template [16ms]
2024-06-18 11:56:18.136 [info] > git for-each-ref --format=%(refname)%00%(upstream:short)%00%(objectname)%00%(upstream:track)%00%(upstream:remotename)%00%(upstream:remoteref) refs/heads/master refs/remotes/master [5ms]
2024-06-18 11:56:18.147 [warning] ENOENT: no such file or directory, open '/home/diego/dotfiles-yadm/.git/refs/remotes/origin/master'
2024-06-18 11:56:18.151 [info] > git rev-parse refs/remotes/origin/master [4ms]
2024-06-18 11:56:18.194 [info] > git status -z -uall [33ms]
2024-06-18 11:56:18.367 [info] > git check-ignore -v -z --stdin [5ms]
2024-06-18 11:56:18.613 [info] > git show --textconv :.config/git/config [4ms]
2024-06-18 11:56:18.614 [info] > git ls-files --stage -- /home/diego/dotfiles-yadm/.config/git/config [1ms]
2024-06-18 11:56:18.618 [info] > git cat-file -s 06c39a8a9ea7c83211e7b78f9b19c3c2feb4cb11 [1ms]
2024-06-18 11:56:35.499 [info] > git config --get commit.template [13ms]
2024-06-18 11:56:35.501 [info] > git for-each-ref --format=%(refname)%00%(upstream:short)%00%(objectname)%00%(upstream:track)%00%(upstream:remotename)%00%(upstream:remoteref) refs/heads/master refs/remotes/master [4ms]
2024-06-18 11:56:35.512 [warning] ENOENT: no such file or directory, open '/home/diego/dotfiles-yadm/.git/refs/remotes/origin/master'
2024-06-18 11:56:35.515 [info] > git rev-parse refs/remotes/origin/master [4ms]
2024-06-18 11:56:35.551 [info] > git status -z -uall [24ms]
2024-06-18 11:56:35.878 [info] > git check-ignore -v -z --stdin [3ms]
2024-06-18 11:56:37.080 [info] > git show --textconv :.config/ranger/scope.sh [13ms]
2024-06-18 11:56:37.082 [info] > git ls-files --stage -- /home/diego/dotfiles-yadm/.config/ranger/scope.sh [3ms]
2024-06-18 11:56:37.093 [info] > git cat-file -s 13a25b45bc2e30bd94e07cfbcd036a1b9eedb0df [3ms]
2024-06-18 11:56:41.025 [info] > git show --textconv :.config/git/config [4ms]
2024-06-18 11:56:41.026 [info] > git ls-files --stage -- /home/diego/dotfiles-yadm/.config/git/config [2ms]
2024-06-18 11:56:41.030 [info] > git cat-file -s 06c39a8a9ea7c83211e7b78f9b19c3c2feb4cb11 [1ms]
2024-06-18 11:56:41.889 [info] > git config --get commit.template [3ms]
2024-06-18 11:56:41.890 [info] > git for-each-ref --format=%(refname)%00%(upstream:short)%00%(objectname)%00%(upstream:track)%00%(upstream:remotename)%00%(upstream:remoteref) refs/heads/master refs/remotes/master [1ms]
2024-06-18 11:56:41.892 [warning] ENOENT: no such file or directory, open '/home/diego/dotfiles-yadm/.git/refs/remotes/origin/master'
2024-06-18 11:56:41.892 [info] > git rev-parse refs/remotes/origin/master [0ms]
2024-06-18 11:56:41.900 [info] > git status -z -uall [6ms]
2024-06-18 11:56:42.460 [info] > git check-ignore -v -z --stdin [1ms]
2024-06-18 11:56:43.328 [info] > git show --textconv :.config/systemd/user/ssh-agent.service [13ms]
2024-06-18 11:56:43.330 [info] > git ls-files --stage -- /home/diego/dotfiles-yadm/.config/systemd/user/ssh-agent.service [4ms]
2024-06-18 11:56:43.344 [info] > git cat-file -s 94284103d8a79bd54e03324cf3b8de977b45658b [4ms]
2024-06-18 11:56:49.000 [info] > git show --textconv :.config/git/config [15ms]
2024-06-18 11:56:49.004 [info] > git ls-files --stage -- /home/diego/dotfiles-yadm/.config/git/config [5ms]
2024-06-18 11:56:49.020 [info] > git cat-file -s 06c39a8a9ea7c83211e7b78f9b19c3c2feb4cb11 [5ms]
2024-06-18 11:56:49.854 [info] > git config --get commit.template [14ms]
2024-06-18 11:56:49.857 [info] > git for-each-ref --format=%(refname)%00%(upstream:short)%00%(objectname)%00%(upstream:track)%00%(upstream:remotename)%00%(upstream:remoteref) refs/heads/master refs/remotes/master [4ms]
2024-06-18 11:56:49.867 [warning] ENOENT: no such file or directory, open '/home/diego/dotfiles-yadm/.git/refs/remotes/origin/master'
2024-06-18 11:56:49.868 [info] > git rev-parse refs/remotes/origin/master [2ms]
2024-06-18 11:56:49.886 [info] > git status -z -uall [12ms]
2024-06-18 11:56:52.355 [info] > git check-ignore -v -z --stdin [4ms]
2024-06-18 11:56:52.675 [info] > git show --textconv :.config/thefuck/settings.py [14ms]
2024-06-18 11:56:52.677 [info] > git ls-files --stage -- /home/diego/dotfiles-yadm/.config/thefuck/settings.py [4ms]
2024-06-18 11:56:52.692 [info] > git cat-file -s 36dccd512c9282bb61d13e351f1827653a5dab39 [5ms]
2024-06-18 11:56:54.917 [info] > git config --get commit.template [15ms]
2024-06-18 11:56:54.920 [info] > git for-each-ref --format=%(refname)%00%(upstream:short)%00%(objectname)%00%(upstream:track)%00%(upstream:remotename)%00%(upstream:remoteref) refs/heads/master refs/remotes/master [5ms]
2024-06-18 11:56:54.932 [warning] ENOENT: no such file or directory, open '/home/diego/dotfiles-yadm/.git/refs/remotes/origin/master'
2024-06-18 11:56:54.936 [info] > git rev-parse refs/remotes/origin/master [4ms]
2024-06-18 11:56:54.966 [info] > git status -z -uall [20ms]
2024-06-18 11:56:57.580 [info] > git check-ignore -v -z --stdin [1ms]
2024-06-18 11:56:57.809 [info] > git show --textconv :.config/vim/general.vim [14ms]
2024-06-18 11:56:57.812 [info] > git ls-files --stage -- /home/diego/dotfiles-yadm/.config/vim/general.vim [4ms]
2024-06-18 11:56:57.826 [info] > git cat-file -s 1bb8004caee3ccbdcfcdcefd11d3a3d6ad969b49 [4ms]
2024-06-18 11:56:59.715 [info] > git show --textconv :.config/vim/keybindings.vim [4ms]
2024-06-18 11:56:59.716 [info] > git ls-files --stage -- /home/diego/dotfiles-yadm/.config/vim/keybindings.vim [1ms]
2024-06-18 11:56:59.721 [info] > git cat-file -s 4167139dfb048ab3ab82fd9e1e072c3c0459fa49 [1ms]
2024-06-18 11:57:00.132 [info] > git show --textconv :.config/vim/plugins.vim [13ms]
2024-06-18 11:57:00.134 [info] > git ls-files --stage -- /home/diego/dotfiles-yadm/.config/vim/plugins.vim [4ms]
2024-06-18 11:57:00.149 [info] > git cat-file -s c37f71502c50a90f00a30f3c8c4b37ed9ef84b6a [5ms]
2024-06-18 11:57:00.441 [info] > git show --textconv :.config/vim/vimrc [10ms]
2024-06-18 11:57:00.443 [info] > git ls-files --stage -- /home/diego/dotfiles-yadm/.config/vim/vimrc [2ms]
2024-06-18 11:57:00.450 [info] > git cat-file -s a4042600a23d6f79e0f61a12ba2cdec3069fe523 [2ms]
2024-06-18 11:57:01.790 [info] > git check-ignore -v -z --stdin [3ms]
2024-06-18 11:57:02.136 [info] > git show --textconv :.config/wget/wgetrc [3ms]
2024-06-18 11:57:02.136 [info] > git ls-files --stage -- /home/diego/dotfiles-yadm/.config/wget/wgetrc [1ms]
2024-06-18 11:57:02.139 [info] > git cat-file -s 359e1128165ba681c08144fef39f804a5161149e [1ms]
2024-06-18 11:57:10.123 [info] > git check-ignore -v -z --stdin [2ms]
2024-06-18 11:57:10.363 [info] > git show --textconv :.config/yadm/bootstrap [13ms]
2024-06-18 11:57:10.365 [info] > git ls-files --stage -- /home/diego/dotfiles-yadm/.config/yadm/bootstrap [3ms]
2024-06-18 11:57:10.374 [info] > git cat-file -s 5c871b7af0826db8679005821ea5733d5fc9519e [2ms]
2024-06-18 11:58:56.368 [info] > git show --textconv :.config/yadm/config [13ms]
2024-06-18 11:58:56.371 [info] > git ls-files --stage -- /home/diego/dotfiles-yadm/.config/yadm/config [4ms]
2024-06-18 11:58:56.386 [info] > git cat-file -s b621b4c034e679597a08d5e92369d1ed1d79cbf0 [4ms]
2024-06-18 11:59:03.533 [info] > git show --textconv :.config/yadm/bootstrap [14ms]
2024-06-18 11:59:03.535 [info] > git ls-files --stage -- /home/diego/dotfiles-yadm/.config/yadm/bootstrap [5ms]
2024-06-18 11:59:03.549 [info] > git cat-file -s 5c871b7af0826db8679005821ea5733d5fc9519e [4ms]
2024-06-18 11:59:04.358 [info] > git config --get commit.template [3ms]
2024-06-18 11:59:04.359 [info] > git for-each-ref --format=%(refname)%00%(upstream:short)%00%(objectname)%00%(upstream:track)%00%(upstream:remotename)%00%(upstream:remoteref) refs/heads/master refs/remotes/master [1ms]
2024-06-18 11:59:04.363 [warning] ENOENT: no such file or directory, open '/home/diego/dotfiles-yadm/.git/refs/remotes/origin/master'
2024-06-18 11:59:04.364 [info] > git rev-parse refs/remotes/origin/master [1ms]
2024-06-18 11:59:04.378 [info] > git status -z -uall [11ms]
2024-06-18 11:59:04.796 [info] > git check-ignore -v -z --stdin [3ms]
2024-06-18 11:59:05.360 [info] > git check-ignore -v -z --stdin [1ms]
2024-06-18 11:59:06.311 [info] > git show --textconv :.config/zsh/lib/aliases.zsh [4ms]
2024-06-18 11:59:06.311 [info] > git ls-files --stage -- /home/diego/dotfiles-yadm/.config/zsh/lib/aliases.zsh [0ms]
2024-06-18 11:59:06.315 [info] > git cat-file -s 0b4af8bdb2c1b47d78b593c29613ca5e0e499590 [1ms]
2024-06-18 11:59:55.491 [info] > git show --textconv :.config/zsh/lib/colors.zsh [13ms]
2024-06-18 11:59:55.493 [info] > git ls-files --stage -- /home/diego/dotfiles-yadm/.config/zsh/lib/colors.zsh [4ms]
2024-06-18 11:59:55.508 [info] > git cat-file -s d931d9d36e7e446772032e0570e23c08e885a207 [4ms]
2024-06-18 11:59:56.626 [info] > git show --textconv :.config/zsh/.p10k-tty.zsh [9ms]
2024-06-18 11:59:56.628 [info] > git ls-files --stage -- /home/diego/dotfiles-yadm/.config/zsh/.p10k-tty.zsh [3ms]
2024-06-18 11:59:56.639 [info] > git cat-file -s 73b46ef79b1e38361b1136d9565780160169a52a [3ms]
2024-06-18 11:59:58.273 [info] > git show --textconv :.config/zsh/.p10k.zsh [15ms]
2024-06-18 11:59:58.275 [info] > git ls-files --stage -- /home/diego/dotfiles-yadm/.config/zsh/.p10k.zsh [5ms]
2024-06-18 11:59:58.285 [info] > git cat-file -s e4bd9e38d0b0cb1806dbb27c96d70dce56159d29 [3ms]
2024-06-18 11:59:58.527 [info] > git show --textconv :.config/zsh/zlogin [3ms]
2024-06-18 11:59:58.528 [info] > git ls-files --stage -- /home/diego/dotfiles-yadm/.config/zsh/zlogin [1ms]
2024-06-18 11:59:58.531 [info] > git cat-file -s f722aef93d3f28e60771c25819098f76ce9a00e2 [0ms]
2024-06-18 12:00:02.412 [info] > git show --textconv :.config/zsh/zlogout [12ms]
2024-06-18 12:00:02.415 [info] > git ls-files --stage -- /home/diego/dotfiles-yadm/.config/zsh/zlogout [3ms]
2024-06-18 12:00:02.428 [info] > git cat-file -s f572edc6c9b1e90d0e59e9bb408f4793e3d3e620 [4ms]
2024-06-18 12:00:03.138 [info] > git show --textconv :.config/zsh/zshenv [2ms]
2024-06-18 12:00:03.139 [info] > git ls-files --stage -- /home/diego/dotfiles-yadm/.config/zsh/zshenv [1ms]
2024-06-18 12:00:03.142 [info] > git cat-file -s 890a8d0bdaeded45122a236d42d9fe743a196f3f [1ms]
2024-06-18 12:00:34.865 [info] > git show --textconv :.config/zsh/zshrc [3ms]
2024-06-18 12:00:34.865 [info] > git ls-files --stage -- /home/diego/dotfiles-yadm/.config/zsh/zshrc [1ms]
2024-06-18 12:00:34.869 [info] > git cat-file -s f7abbfd10e21e673da8d4bf27973565e7caf45b3 [1ms]
2024-06-18 12:00:40.287 [info] > git show --textconv :.config/dircolors [3ms]
2024-06-18 12:00:40.288 [info] > git ls-files --stage -- /home/diego/dotfiles-yadm/.config/dircolors [1ms]
2024-06-18 12:00:40.292 [info] > git cat-file -s ba109dbe7318174056d0862fa8b8485d94646015 [1ms]
2024-06-18 12:00:41.583 [info] > git check-ignore -v -z --stdin [0ms]
2024-06-18 12:00:42.178 [info] > git check-ignore -v -z --stdin [1ms]
2024-06-18 12:00:44.421 [info] > git show --textconv :.github/README.md [5ms]
2024-06-18 12:00:44.422 [info] > git ls-files --stage -- /home/diego/dotfiles-yadm/.github/README.md [3ms]
2024-06-18 12:00:44.426 [info] > git cat-file -s ca3f75f168d6e0673ba12d1b414797aff5c54115 [1ms]
2024-06-18 12:00:45.900 [info] > git show --textconv :.config/yadm/bootstrap [3ms]
2024-06-18 12:00:45.900 [info] > git ls-files --stage -- /home/diego/dotfiles-yadm/.config/yadm/bootstrap [1ms]
2024-06-18 12:00:45.903 [info] > git cat-file -s 5c871b7af0826db8679005821ea5733d5fc9519e [1ms]
2024-06-18 12:00:46.917 [info] > git show --textconv :.config/git/config [9ms]
2024-06-18 12:00:46.918 [info] > git ls-files --stage -- /home/diego/dotfiles-yadm/.config/git/config [2ms]
2024-06-18 12:00:46.924 [info] > git cat-file -s 06c39a8a9ea7c83211e7b78f9b19c3c2feb4cb11 [1ms]
2024-06-18 12:00:47.148 [info] > git config --get commit.template [12ms]
2024-06-18 12:00:47.151 [info] > git for-each-ref --format=%(refname)%00%(upstream:short)%00%(objectname)%00%(upstream:track)%00%(upstream:remotename)%00%(upstream:remoteref) refs/heads/master refs/remotes/master [4ms]
2024-06-18 12:00:47.161 [warning] ENOENT: no such file or directory, open '/home/diego/dotfiles-yadm/.git/refs/remotes/origin/master'
2024-06-18 12:00:47.164 [info] > git rev-parse refs/remotes/origin/master [3ms]
2024-06-18 12:00:47.200 [info] > git status -z -uall [25ms]
2024-06-18 12:01:34.749 [info] > git show --textconv :.config/yadm/bootstrap [4ms]
2024-06-18 12:01:34.750 [info] > git ls-files --stage -- /home/diego/dotfiles-yadm/.config/yadm/bootstrap [1ms]
2024-06-18 12:01:34.754 [info] > git cat-file -s 5c871b7af0826db8679005821ea5733d5fc9519e [1ms]
2024-06-18 12:01:38.856 [info] > git show --textconv :.github/README.md [5ms]
2024-06-18 12:01:38.856 [info] > git ls-files --stage -- /home/diego/dotfiles-yadm/.github/README.md [1ms]
2024-06-18 12:01:38.861 [info] > git cat-file -s ca3f75f168d6e0673ba12d1b414797aff5c54115 [1ms]
2024-06-18 12:02:14.259 [info] > git config --get commit.template [4ms]
2024-06-18 12:02:14.260 [info] > git for-each-ref --format=%(refname)%00%(upstream:short)%00%(objectname)%00%(upstream:track)%00%(upstream:remotename)%00%(upstream:remoteref) refs/heads/master refs/remotes/master [1ms]
2024-06-18 12:02:14.263 [warning] ENOENT: no such file or directory, open '/home/diego/dotfiles-yadm/.git/refs/remotes/origin/master'
2024-06-18 12:02:14.264 [info] > git rev-parse refs/remotes/origin/master [1ms]
2024-06-18 12:02:14.273 [info] > git status -z -uall [5ms]
2024-06-18 12:08:20.462 [info] > git show --textconv :.config/zsh/zshrc [7ms]
2024-06-18 12:08:20.463 [info] > git ls-files --stage -- /home/diego/dotfiles-yadm/.config/zsh/zshrc [3ms]
2024-06-18 12:08:20.468 [info] > git cat-file -s f7abbfd10e21e673da8d4bf27973565e7caf45b3 [1ms]
2024-06-18 12:08:52.271 [info] > git show --textconv :.config/yadm/bootstrap [4ms]
2024-06-18 12:08:52.271 [info] > git ls-files --stage -- /home/diego/dotfiles-yadm/.config/yadm/bootstrap [1ms]
2024-06-18 12:08:52.275 [info] > git cat-file -s 5c871b7af0826db8679005821ea5733d5fc9519e [1ms]
2024-06-18 12:09:45.181 [info] > git config --get commit.template [7ms]
2024-06-18 12:09:45.181 [info] > git for-each-ref --format=%(refname)%00%(upstream:short)%00%(objectname)%00%(upstream:track)%00%(upstream:remotename)%00%(upstream:remoteref) refs/heads/master refs/remotes/master [2ms]
2024-06-18 12:09:45.185 [warning] ENOENT: no such file or directory, open '/home/diego/dotfiles-yadm/.git/refs/remotes/origin/master'
2024-06-18 12:09:45.187 [info] > git rev-parse refs/remotes/origin/master [1ms]
2024-06-18 12:09:45.197 [info] > git status -z -uall [7ms]
2024-06-18 12:10:00.174 [info] > git show --textconv :.config/zsh/zshrc [13ms]
2024-06-18 12:10:00.177 [info] > git ls-files --stage -- /home/diego/dotfiles-yadm/.config/zsh/zshrc [5ms]
2024-06-18 12:10:00.192 [info] > git cat-file -s f7abbfd10e21e673da8d4bf27973565e7caf45b3 [4ms]
2024-06-18 12:10:40.852 [info] > git config --get commit.template [14ms]
2024-06-18 12:10:40.855 [info] > git for-each-ref --format=%(refname)%00%(upstream:short)%00%(objectname)%00%(upstream:track)%00%(upstream:remotename)%00%(upstream:remoteref) refs/heads/master refs/remotes/master [4ms]
2024-06-18 12:10:40.867 [warning] ENOENT: no such file or directory, open '/home/diego/dotfiles-yadm/.git/refs/remotes/origin/master'
2024-06-18 12:10:40.870 [info] > git rev-parse refs/remotes/origin/master [3ms]
2024-06-18 12:10:40.908 [info] > git status -z -uall [26ms]
2024-06-18 12:11:36.106 [info] > git config --get commit.template [3ms]
2024-06-18 12:11:36.107 [info] > git for-each-ref --format=%(refname)%00%(upstream:short)%00%(objectname)%00%(upstream:track)%00%(upstream:remotename)%00%(upstream:remoteref) refs/heads/master refs/remotes/master [1ms]
2024-06-18 12:11:36.110 [warning] ENOENT: no such file or directory, open '/home/diego/dotfiles-yadm/.git/refs/remotes/origin/master'
2024-06-18 12:11:36.110 [info] > git rev-parse refs/remotes/origin/master [1ms]
2024-06-18 12:11:36.114 [info] > git status -z -uall [1ms]
2024-06-18 12:11:36.129 [info] > git ls-files --stage -- /home/diego/dotfiles-yadm/.config/zsh/zshrc [0ms]
2024-06-18 12:11:36.133 [info] > git cat-file -s d765b2d1859aaeed0d42145102fe16a89a7f9ca8 [1ms]
2024-06-18 12:11:36.138 [info] > git show --textconv :.config/zsh/zshrc [1ms]
2024-06-18 12:11:41.133 [info] > git config --get commit.template [3ms]
2024-06-18 12:11:41.134 [info] > git for-each-ref --format=%(refname)%00%(upstream:short)%00%(objectname)%00%(upstream:track)%00%(upstream:remotename)%00%(upstream:remoteref) refs/heads/master refs/remotes/master [1ms]
2024-06-18 12:11:41.136 [warning] ENOENT: no such file or directory, open '/home/diego/dotfiles-yadm/.git/refs/remotes/origin/master'
2024-06-18 12:11:41.137 [info] > git rev-parse refs/remotes/origin/master [1ms]
2024-06-18 12:11:41.140 [info] > git status -z -uall [1ms]
2024-06-18 12:11:41.666 [info] > git show --textconv :.config/git/config [13ms]
2024-06-18 12:11:41.668 [info] > git ls-files --stage -- /home/diego/dotfiles-yadm/.config/git/config [3ms]
2024-06-18 12:11:41.683 [info] > git cat-file -s dd2b8745a2d3e4c982e952255aa0b373a57a2941 [4ms]
2024-06-18 12:11:48.221 [info] > git config --get commit.template [3ms]
2024-06-18 12:11:48.221 [info] > git for-each-ref --format=%(refname)%00%(upstream:short)%00%(objectname)%00%(upstream:track)%00%(upstream:remotename)%00%(upstream:remoteref) refs/heads/master refs/remotes/master [0ms]
2024-06-18 12:11:48.224 [warning] ENOENT: no such file or directory, open '/home/diego/dotfiles-yadm/.git/refs/remotes/origin/master'
2024-06-18 12:11:48.224 [info] > git rev-parse refs/remotes/origin/master [0ms]
2024-06-18 12:11:48.227 [info] > git status -z -uall [1ms]
2024-06-18 12:11:48.308 [info] > git ls-files --stage -- /home/diego/dotfiles-yadm/.config/git/config [4ms]
2024-06-18 12:11:48.321 [info] > git cat-file -s dd2b8745a2d3e4c982e952255aa0b373a57a2941 [2ms]
2024-06-18 12:11:48.334 [info] > git show --textconv :.config/git/config [5ms]
2024-06-18 12:12:15.124 [info] > git config --get commit.template [3ms]
2024-06-18 12:12:15.125 [info] > git for-each-ref --format=%(refname)%00%(upstream:short)%00%(objectname)%00%(upstream:track)%00%(upstream:remotename)%00%(upstream:remoteref) refs/heads/master refs/remotes/master [2ms]
2024-06-18 12:12:15.127 [warning] ENOENT: no such file or directory, open '/home/diego/dotfiles-yadm/.git/refs/remotes/origin/master'
2024-06-18 12:12:15.128 [info] > git rev-parse refs/remotes/origin/master [1ms]
2024-06-18 12:12:15.132 [info] > git status -z -uall [2ms]
2024-06-18 12:12:19.293 [info] > git show --textconv :.config/zsh/zshrc [13ms]
2024-06-18 12:12:19.296 [info] > git ls-files --stage -- /home/diego/dotfiles-yadm/.config/zsh/zshrc [4ms]
2024-06-18 12:12:19.311 [info] > git cat-file -s d765b2d1859aaeed0d42145102fe16a89a7f9ca8 [4ms]
2024-06-18 12:12:25.091 [info] > git show --textconv :.config/zsh/zshenv [12ms]
2024-06-18 12:12:25.094 [info] > git ls-files --stage -- /home/diego/dotfiles-yadm/.config/zsh/zshenv [4ms]
2024-06-18 12:12:25.108 [info] > git cat-file -s 890a8d0bdaeded45122a236d42d9fe743a196f3f [4ms]
2024-06-18 12:12:27.529 [info] > git show --textconv :.config/dircolors [7ms]
2024-06-18 12:12:27.530 [info] > git ls-files --stage -- /home/diego/dotfiles-yadm/.config/dircolors [2ms]
2024-06-18 12:12:27.537 [info] > git cat-file -s ba109dbe7318174056d0862fa8b8485d94646015 [2ms]
2024-06-18 12:12:29.660 [info] > git show --textconv :.config/zsh/zshrc [9ms]
2024-06-18 12:12:29.661 [info] > git ls-files --stage -- /home/diego/dotfiles-yadm/.config/zsh/zshrc [2ms]
2024-06-18 12:12:29.672 [info] > git cat-file -s d765b2d1859aaeed0d42145102fe16a89a7f9ca8 [3ms]
2024-06-18 12:12:31.334 [info] > git show --textconv :.config/dircolors [14ms]
2024-06-18 12:12:31.337 [info] > git ls-files --stage -- /home/diego/dotfiles-yadm/.config/dircolors [4ms]
2024-06-18 12:12:31.345 [info] > git cat-file -s ba109dbe7318174056d0862fa8b8485d94646015 [2ms]
2024-06-18 12:16:23.914 [info] > git config --get commit.template [9ms]
2024-06-18 12:16:23.914 [info] > git for-each-ref --format=%(refname)%00%(upstream:short)%00%(objectname)%00%(upstream:track)%00%(upstream:remotename)%00%(upstream:remoteref) refs/heads/master refs/remotes/master [1ms]
2024-06-18 12:16:23.921 [info] > git status -z -uall [1ms]
2024-06-18 12:16:23.928 [info] > git merge-base refs/heads/master refs/remotes/origin/master [3ms]
2024-06-18 12:16:23.933 [info] > git rev-list --count --left-right refs/heads/master...refs/remotes/origin/master [2ms]
2024-06-18 12:16:23.937 [info] > git diff --name-status -z --diff-filter=ADMR dd1a96763fbe7cfa168520f1fd03353a0e450a0a...refs/remotes/origin/master [1ms]
